2023.09.04 18:49:49 実行を始めました。
2023.09.04 18:49:50 config.xlsxの読み込みを実行しました。
2023.09.04 18:49:52 勤務情報＆実績ファイルの準備を実行しました。
2023.09.04 18:50:07 TKログインに失敗しました。
2023.09.04 18:50:14 TK手動ログインを実行しました。
2023.09.04 18:50:16 TKにログインしました。
2023.09.04 18:50:30 1日のクリックに成功しました。
2023.09.04 18:50:41 実績詳細欄のアクセスに成功しました。
2023.09.04 18:50:47 プロジェクト名を取得しました。
2023.09.04 18:50:55 勤務情報の手動記入を開始しました。
2023.09.04 18:52:17 勤務情報の手動記入を終了しました。
2023.09.04 18:52:37 勤次郎ログインに失敗しました。
2023.09.04 18:52:44 勤次郎手動ログインを実行しました。
2023.09.04 18:52:47 勤次郎にログインしました。
2023.09.04 18:53:01 未承認申請の情報を取得しました。
2023.09.04 18:53:15 勤務実績参照を開きました。
2023.09.04 18:53:34 勤務実績参照を取得しました。
2023.09.04 18:53:34 勤務実績の書き込みを終了しました。
2023.09.04 18:53:36 勤次郎を終了しました。
2023.09.04 18:53:53 TKログインに失敗しました。
2023.09.04 18:54:00 TK手動ログインを実行しました。
2023.09.04 18:54:02 TKにログインしました。